<?xml version="1.0" encoding="UTF-8"?>
<!-- Generated by org.testng.reporters.JUnitReportReporter -->
<testsuite skipped="0" hostname="Olasunkanmis-MacBook-Pro.local" name="com.mosaic.qa.base.TestBase" tests="1" failures="0" timestamp="21 Jun 2018 23:19:05 GMT" time="3.828" errors="0">
  <testcase name="initialization" time="3.828" classname="com.mosaic.qa.base.TestBase"/>
</testsuite> <!-- com.mosaic.qa.base.TestBase -->
