<?xml version="1.0" encoding="UTF-8"?>
<!-- Generated by org.testng.reporters.JUnitReportReporter -->
<testsuite skipped="0" hostname="Olasunkanmis-MacBook-Pro.local" name="com.mosaic.qa.testcases.HomePageTest" tests="1" failures="0" timestamp="22 Jun 2018 02:54:14 GMT" time="2.296" errors="0">
  <testcase name="dashboardVisibilityTest" time="2.296" classname="com.mosaic.qa.testcases.HomePageTest"/>
</testsuite> <!-- com.mosaic.qa.testcases.HomePageTest -->
